\BOOKMARK [1][-]{section.1}{Overall structure of tspnng.py}{}% 1
\BOOKMARK [1][-]{section.2}{Data Generation}{}% 2
\BOOKMARK [2][-]{subsection.2.1}{TSPLIB data-sets}{section.2}% 3
\BOOKMARK [2][-]{subsection.2.2}{Synthetic data-sets}{section.2}% 4
\BOOKMARK [1][-]{section.3}{Data Storage}{}% 5
\BOOKMARK [1][-]{section.4}{Setting up TSPNNGInput class}{}% 6
\BOOKMARK [1][-]{section.5}{Setting up the Interactive Canvas}{}% 7
\BOOKMARK [1][-]{section.6}{Generating various geometric graphs}{}% 8
\BOOKMARK [2][-]{subsection.6.1}{k-NNG}{section.6}% 9
\BOOKMARK [2][-]{subsection.6.2}{Delaunay Triangulation}{section.6}% 10
\BOOKMARK [2][-]{subsection.6.3}{Minimum Spanning Tree}{section.6}% 11
\BOOKMARK [2][-]{subsection.6.4}{The Onion}{section.6}% 12
\BOOKMARK [2][-]{subsection.6.5}{Traveling Saleman Tour \(Cycle\)}{section.6}% 13
\BOOKMARK [1][-]{section.7}{Rendering the graphs}{}% 14
\BOOKMARK [1][-]{section.8}{Finding common edges between two graphs}{}% 15
\BOOKMARK [1][-]{section.9}{Hypothesis testing!}{}% 16
\BOOKMARK [1][-]{section*.3}{Appendices}{}% 17
\BOOKMARK [1][-]{Appendix.a.A}{Appendix Installing and running the Code}{}% 18
\BOOKMARK [2][-]{subsection.a.A.1}{Interactive Mode}{Appendix.a.A}% 19
\BOOKMARK [1][-]{Appendix.a.B}{Appendix Laundry-list of Questions/Variants/Conjectures}{}% 20
